<?xml version="1.0" encoding="UTF-8"?>
<testsuite xmlns:xsi="http://www.w3.org/2001/XMLSchema-instance" xsi:noNamespaceSchemaLocation="https://maven.apache.org/surefire/maven-surefire-plugin/xsd/surefire-test-report-3.0.xsd" version="3.0" name="TestSuite" time="12.918" tests="3" errors="0" skipped="0" failures="0">
  <properties>
    <property name="java.specification.version" value="21"/>
    <property name="sun.jnu.encoding" value="UTF-8"/>
    <property name="java.class.path" value="/Users/markosovilj/eclipse-workspaceTwo/SwagLabsProject/target/test-classes:/Users/markosovilj/eclipse-workspaceTwo/SwagLabsProject/target/classes:/Users/markosovilj/.m2/repository/org/seleniumhq/selenium/selenium-java/4.19.1/selenium-java-4.19.1.jar:/Users/markosovilj/.m2/repository/org/seleniumhq/selenium/selenium-api/4.19.1/selenium-api-4.19.1.jar:/Users/markosovilj/.m2/repository/org/seleniumhq/selenium/selenium-chrome-driver/4.19.1/selenium-chrome-driver-4.19.1.jar:/Users/markosovilj/.m2/repository/com/google/auto/service/auto-service-annotations/1.1.1/auto-service-annotations-1.1.1.jar:/Users/markosovilj/.m2/repository/org/seleniumhq/selenium/selenium-chromium-driver/4.19.1/selenium-chromium-driver-4.19.1.jar:/Users/markosovilj/.m2/repository/org/seleniumhq/selenium/selenium-json/4.19.1/selenium-json-4.19.1.jar:/Users/markosovilj/.m2/repository/org/seleniumhq/selenium/selenium-manager/4.19.1/selenium-manager-4.19.1.jar:/Users/markosovilj/.m2/repository/org/seleniumhq/selenium/selenium-devtools-v121/4.19.1/selenium-devtools-v121-4.19.1.jar:/Users/markosovilj/.m2/repository/org/seleniumhq/selenium/selenium-devtools-v122/4.19.1/selenium-devtools-v122-4.19.1.jar:/Users/markosovilj/.m2/repository/org/seleniumhq/selenium/selenium-devtools-v123/4.19.1/selenium-devtools-v123-4.19.1.jar:/Users/markosovilj/.m2/repository/org/seleniumhq/selenium/selenium-devtools-v85/4.19.1/selenium-devtools-v85-4.19.1.jar:/Users/markosovilj/.m2/repository/org/seleniumhq/selenium/selenium-edge-driver/4.19.1/selenium-edge-driver-4.19.1.jar:/Users/markosovilj/.m2/repository/org/seleniumhq/selenium/selenium-firefox-driver/4.19.1/selenium-firefox-driver-4.19.1.jar:/Users/markosovilj/.m2/repository/org/seleniumhq/selenium/selenium-http/4.19.1/selenium-http-4.19.1.jar:/Users/markosovilj/.m2/repository/dev/failsafe/failsafe/3.3.2/failsafe-3.3.2.jar:/Users/markosovilj/.m2/repository/org/seleniumhq/selenium/selenium-ie-driver/4.19.1/selenium-ie-driver-4.19.1.jar:/Users/markosovilj/.m2/repository/org/seleniumhq/selenium/selenium-remote-driver/4.19.1/selenium-remote-driver-4.19.1.jar:/Users/markosovilj/.m2/repository/com/google/guava/guava/33.1.0-jre/guava-33.1.0-jre.jar:/Users/markosovilj/.m2/repository/com/google/guava/failureaccess/1.0.2/failureaccess-1.0.2.jar:/Users/markosovilj/.m2/repository/com/google/guava/listenablefuture/9999.0-empty-to-avoid-conflict-with-guava/listenablefuture-9999.0-empty-to-avoid-conflict-with-guava.jar:/Users/markosovilj/.m2/repository/com/google/code/findbugs/jsr305/3.0.2/jsr305-3.0.2.jar:/Users/markosovilj/.m2/repository/org/checkerframework/checker-qual/3.42.0/checker-qual-3.42.0.jar:/Users/markosovilj/.m2/repository/com/google/errorprone/error_prone_annotations/2.26.1/error_prone_annotations-2.26.1.jar:/Users/markosovilj/.m2/repository/com/google/j2objc/j2objc-annotations/3.0.0/j2objc-annotations-3.0.0.jar:/Users/markosovilj/.m2/repository/io/opentelemetry/semconv/opentelemetry-semconv/1.23.1-alpha/opentelemetry-semconv-1.23.1-alpha.jar:/Users/markosovilj/.m2/repository/io/opentelemetry/opentelemetry-api/1.36.0/opentelemetry-api-1.36.0.jar:/Users/markosovilj/.m2/repository/io/opentelemetry/opentelemetry-context/1.36.0/opentelemetry-context-1.36.0.jar:/Users/markosovilj/.m2/repository/io/opentelemetry/opentelemetry-exporter-logging/1.36.0/opentelemetry-exporter-logging-1.36.0.jar:/Users/markosovilj/.m2/repository/io/opentelemetry/opentelemetry-sdk-common/1.36.0/opentelemetry-sdk-common-1.36.0.jar:/Users/markosovilj/.m2/repository/io/opentelemetry/opentelemetry-sdk-extension-autoconfigure-spi/1.36.0/opentelemetry-sdk-extension-autoconfigure-spi-1.36.0.jar:/Users/markosovilj/.m2/repository/io/opentelemetry/opentelemetry-sdk-extension-autoconfigure/1.36.0/opentelemetry-sdk-extension-autoconfigure-1.36.0.jar:/Users/markosovilj/.m2/repository/io/opentelemetry/opentelemetry-api-events/1.36.0-alpha/opentelemetry-api-events-1.36.0-alpha.jar:/Users/markosovilj/.m2/repository/io/opentelemetry/opentelemetry-sdk-trace/1.36.0/opentelemetry-sdk-trace-1.36.0.jar:/Users/markosovilj/.m2/repository/io/opentelemetry/opentelemetry-extension-incubator/1.36.0-alpha/opentelemetry-extension-incubator-1.36.0-alpha.jar:/Users/markosovilj/.m2/repository/io/opentelemetry/opentelemetry-sdk/1.36.0/opentelemetry-sdk-1.36.0.jar:/Users/markosovilj/.m2/repository/io/opentelemetry/opentelemetry-sdk-metrics/1.36.0/opentelemetry-sdk-metrics-1.36.0.jar:/Users/markosovilj/.m2/repository/io/opentelemetry/opentelemetry-sdk-logs/1.36.0/opentelemetry-sdk-logs-1.36.0.jar:/Users/markosovilj/.m2/repository/net/bytebuddy/byte-buddy/1.14.12/byte-buddy-1.14.12.jar:/Users/markosovilj/.m2/repository/org/seleniumhq/selenium/selenium-os/4.19.1/selenium-os-4.19.1.jar:/Users/markosovilj/.m2/repository/org/apache/commons/commons-exec/1.3/commons-exec-1.3.jar:/Users/markosovilj/.m2/repository/org/seleniumhq/selenium/selenium-safari-driver/4.19.1/selenium-safari-driver-4.19.1.jar:/Users/markosovilj/.m2/repository/org/seleniumhq/selenium/selenium-support/4.19.1/selenium-support-4.19.1.jar:/Users/markosovilj/.m2/repository/org/testng/testng/7.10.1/testng-7.10.1.jar:/Users/markosovilj/.m2/repository/org/slf4j/slf4j-api/1.7.36/slf4j-api-1.7.36.jar:/Users/markosovilj/.m2/repository/com/beust/jcommander/1.82/jcommander-1.82.jar:/Users/markosovilj/.m2/repository/org/webjars/jquery/3.7.1/jquery-3.7.1.jar:/Users/markosovilj/.m2/repository/io/github/bonigarcia/webdrivermanager/5.8.0/webdrivermanager-5.8.0.jar:/Users/markosovilj/.m2/repository/com/google/code/gson/gson/2.10.1/gson-2.10.1.jar:/Users/markosovilj/.m2/repository/com/github/docker-java/docker-java/3.3.6/docker-java-3.3.6.jar:/Users/markosovilj/.m2/repository/com/github/docker-java/docker-java-core/3.3.6/docker-java-core-3.3.6.jar:/Users/markosovilj/.m2/repository/com/github/docker-java/docker-java-api/3.3.6/docker-java-api-3.3.6.jar:/Users/markosovilj/.m2/repository/com/fasterxml/jackson/core/jackson-annotations/2.10.3/jackson-annotations-2.10.3.jar:/Users/markosovilj/.m2/repository/com/fasterxml/jackson/core/jackson-databind/2.10.3/jackson-databind-2.10.3.jar:/Users/markosovilj/.m2/repository/com/fasterxml/jackson/core/jackson-core/2.10.3/jackson-core-2.10.3.jar:/Users/markosovilj/.m2/repository/org/bouncycastle/bcpkix-jdk18on/1.76/bcpkix-jdk18on-1.76.jar:/Users/markosovilj/.m2/repository/org/bouncycastle/bcprov-jdk18on/1.76/bcprov-jdk18on-1.76.jar:/Users/markosovilj/.m2/repository/org/bouncycastle/bcutil-jdk18on/1.76/bcutil-jdk18on-1.76.jar:/Users/markosovilj/.m2/repository/org/slf4j/jcl-over-slf4j/1.7.30/jcl-over-slf4j-1.7.30.jar:/Users/markosovilj/.m2/repository/com/github/docker-java/docker-java-transport-httpclient5/3.3.6/docker-java-transport-httpclient5-3.3.6.jar:/Users/markosovilj/.m2/repository/com/github/docker-java/docker-java-transport/3.3.6/docker-java-transport-3.3.6.jar:/Users/markosovilj/.m2/repository/net/java/dev/jna/jna/5.13.0/jna-5.13.0.jar:/Users/markosovilj/.m2/repository/org/brotli/dec/0.1.2/dec-0.1.2.jar:/Users/markosovilj/.m2/repository/org/apache/commons/commons-lang3/3.14.0/commons-lang3-3.14.0.jar:/Users/markosovilj/.m2/repository/org/apache/commons/commons-compress/1.26.1/commons-compress-1.26.1.jar:/Users/markosovilj/.m2/repository/commons-codec/commons-codec/1.16.1/commons-codec-1.16.1.jar:/Users/markosovilj/.m2/repository/commons-io/commons-io/2.15.1/commons-io-2.15.1.jar:/Users/markosovilj/.m2/repository/org/apache/httpcomponents/client5/httpclient5/5.2.1/httpclient5-5.2.1.jar:/Users/markosovilj/.m2/repository/org/apache/httpcomponents/core5/httpcore5/5.2/httpcore5-5.2.jar:/Users/markosovilj/.m2/repository/org/apache/httpcomponents/core5/httpcore5-h2/5.2/httpcore5-h2-5.2.jar:"/>
    <property name="java.vm.vendor" value="Oracle Corporation"/>
    <property name="sun.arch.data.model" value="64"/>
    <property name="java.vendor.url" value="https://java.oracle.com/"/>
    <property name="user.timezone" value="Europe/Belgrade"/>
    <property name="os.name" value="Mac OS X"/>
    <property name="java.vm.specification.version" value="21"/>
    <property name="sun.java.launcher" value="SUN_STANDARD"/>
    <property name="user.country" value="US"/>
    <property name="sun.boot.library.path" value="/Library/Java/JavaVirtualMachines/jdk-21.jdk/Contents/Home/lib"/>
    <property name="sun.java.command" value="/Users/markosovilj/eclipse-workspaceTwo/SwagLabsProject/target/surefire/surefirebooter-20240513185742811_3.jar /Users/markosovilj/eclipse-workspaceTwo/SwagLabsProject/target/surefire 2024-05-13T18-57-42_735-jvmRun1 surefire-20240513185742811_1tmp surefire_0-20240513185742811_2tmp"/>
    <property name="http.nonProxyHosts" value="local|*.local|169.254/16|*.169.254/16"/>
    <property name="jdk.debug" value="release"/>
    <property name="surefire.test.class.path" value="/Users/markosovilj/eclipse-workspaceTwo/SwagLabsProject/target/test-classes:/Users/markosovilj/eclipse-workspaceTwo/SwagLabsProject/target/classes:/Users/markosovilj/.m2/repository/org/seleniumhq/selenium/selenium-java/4.19.1/selenium-java-4.19.1.jar:/Users/markosovilj/.m2/repository/org/seleniumhq/selenium/selenium-api/4.19.1/selenium-api-4.19.1.jar:/Users/markosovilj/.m2/repository/org/seleniumhq/selenium/selenium-chrome-driver/4.19.1/selenium-chrome-driver-4.19.1.jar:/Users/markosovilj/.m2/repository/com/google/auto/service/auto-service-annotations/1.1.1/auto-service-annotations-1.1.1.jar:/Users/markosovilj/.m2/repository/org/seleniumhq/selenium/selenium-chromium-driver/4.19.1/selenium-chromium-driver-4.19.1.jar:/Users/markosovilj/.m2/repository/org/seleniumhq/selenium/selenium-json/4.19.1/selenium-json-4.19.1.jar:/Users/markosovilj/.m2/repository/org/seleniumhq/selenium/selenium-manager/4.19.1/selenium-manager-4.19.1.jar:/Users/markosovilj/.m2/repository/org/seleniumhq/selenium/selenium-devtools-v121/4.19.1/selenium-devtools-v121-4.19.1.jar:/Users/markosovilj/.m2/repository/org/seleniumhq/selenium/selenium-devtools-v122/4.19.1/selenium-devtools-v122-4.19.1.jar:/Users/markosovilj/.m2/repository/org/seleniumhq/selenium/selenium-devtools-v123/4.19.1/selenium-devtools-v123-4.19.1.jar:/Users/markosovilj/.m2/repository/org/seleniumhq/selenium/selenium-devtools-v85/4.19.1/selenium-devtools-v85-4.19.1.jar:/Users/markosovilj/.m2/repository/org/seleniumhq/selenium/selenium-edge-driver/4.19.1/selenium-edge-driver-4.19.1.jar:/Users/markosovilj/.m2/repository/org/seleniumhq/selenium/selenium-firefox-driver/4.19.1/selenium-firefox-driver-4.19.1.jar:/Users/markosovilj/.m2/repository/org/seleniumhq/selenium/selenium-http/4.19.1/selenium-http-4.19.1.jar:/Users/markosovilj/.m2/repository/dev/failsafe/failsafe/3.3.2/failsafe-3.3.2.jar:/Users/markosovilj/.m2/repository/org/seleniumhq/selenium/selenium-ie-driver/4.19.1/selenium-ie-driver-4.19.1.jar:/Users/markosovilj/.m2/repository/org/seleniumhq/selenium/selenium-remote-driver/4.19.1/selenium-remote-driver-4.19.1.jar:/Users/markosovilj/.m2/repository/com/google/guava/guava/33.1.0-jre/guava-33.1.0-jre.jar:/Users/markosovilj/.m2/repository/com/google/guava/failureaccess/1.0.2/failureaccess-1.0.2.jar:/Users/markosovilj/.m2/repository/com/google/guava/listenablefuture/9999.0-empty-to-avoid-conflict-with-guava/listenablefuture-9999.0-empty-to-avoid-conflict-with-guava.jar:/Users/markosovilj/.m2/repository/com/google/code/findbugs/jsr305/3.0.2/jsr305-3.0.2.jar:/Users/markosovilj/.m2/repository/org/checkerframework/checker-qual/3.42.0/checker-qual-3.42.0.jar:/Users/markosovilj/.m2/repository/com/google/errorprone/error_prone_annotations/2.26.1/error_prone_annotations-2.26.1.jar:/Users/markosovilj/.m2/repository/com/google/j2objc/j2objc-annotations/3.0.0/j2objc-annotations-3.0.0.jar:/Users/markosovilj/.m2/repository/io/opentelemetry/semconv/opentelemetry-semconv/1.23.1-alpha/opentelemetry-semconv-1.23.1-alpha.jar:/Users/markosovilj/.m2/repository/io/opentelemetry/opentelemetry-api/1.36.0/opentelemetry-api-1.36.0.jar:/Users/markosovilj/.m2/repository/io/opentelemetry/opentelemetry-context/1.36.0/opentelemetry-context-1.36.0.jar:/Users/markosovilj/.m2/repository/io/opentelemetry/opentelemetry-exporter-logging/1.36.0/opentelemetry-exporter-logging-1.36.0.jar:/Users/markosovilj/.m2/repository/io/opentelemetry/opentelemetry-sdk-common/1.36.0/opentelemetry-sdk-common-1.36.0.jar:/Users/markosovilj/.m2/repository/io/opentelemetry/opentelemetry-sdk-extension-autoconfigure-spi/1.36.0/opentelemetry-sdk-extension-autoconfigure-spi-1.36.0.jar:/Users/markosovilj/.m2/repository/io/opentelemetry/opentelemetry-sdk-extension-autoconfigure/1.36.0/opentelemetry-sdk-extension-autoconfigure-1.36.0.jar:/Users/markosovilj/.m2/repository/io/opentelemetry/opentelemetry-api-events/1.36.0-alpha/opentelemetry-api-events-1.36.0-alpha.jar:/Users/markosovilj/.m2/repository/io/opentelemetry/opentelemetry-sdk-trace/1.36.0/opentelemetry-sdk-trace-1.36.0.jar:/Users/markosovilj/.m2/repository/io/opentelemetry/opentelemetry-extension-incubator/1.36.0-alpha/opentelemetry-extension-incubator-1.36.0-alpha.jar:/Users/markosovilj/.m2/repository/io/opentelemetry/opentelemetry-sdk/1.36.0/opentelemetry-sdk-1.36.0.jar:/Users/markosovilj/.m2/repository/io/opentelemetry/opentelemetry-sdk-metrics/1.36.0/opentelemetry-sdk-metrics-1.36.0.jar:/Users/markosovilj/.m2/repository/io/opentelemetry/opentelemetry-sdk-logs/1.36.0/opentelemetry-sdk-logs-1.36.0.jar:/Users/markosovilj/.m2/repository/net/bytebuddy/byte-buddy/1.14.12/byte-buddy-1.14.12.jar:/Users/markosovilj/.m2/repository/org/seleniumhq/selenium/selenium-os/4.19.1/selenium-os-4.19.1.jar:/Users/markosovilj/.m2/repository/org/apache/commons/commons-exec/1.3/commons-exec-1.3.jar:/Users/markosovilj/.m2/repository/org/seleniumhq/selenium/selenium-safari-driver/4.19.1/selenium-safari-driver-4.19.1.jar:/Users/markosovilj/.m2/repository/org/seleniumhq/selenium/selenium-support/4.19.1/selenium-support-4.19.1.jar:/Users/markosovilj/.m2/repository/org/testng/testng/7.10.1/testng-7.10.1.jar:/Users/markosovilj/.m2/repository/org/slf4j/slf4j-api/1.7.36/slf4j-api-1.7.36.jar:/Users/markosovilj/.m2/repository/com/beust/jcommander/1.82/jcommander-1.82.jar:/Users/markosovilj/.m2/repository/org/webjars/jquery/3.7.1/jquery-3.7.1.jar:/Users/markosovilj/.m2/repository/io/github/bonigarcia/webdrivermanager/5.8.0/webdrivermanager-5.8.0.jar:/Users/markosovilj/.m2/repository/com/google/code/gson/gson/2.10.1/gson-2.10.1.jar:/Users/markosovilj/.m2/repository/com/github/docker-java/docker-java/3.3.6/docker-java-3.3.6.jar:/Users/markosovilj/.m2/repository/com/github/docker-java/docker-java-core/3.3.6/docker-java-core-3.3.6.jar:/Users/markosovilj/.m2/repository/com/github/docker-java/docker-java-api/3.3.6/docker-java-api-3.3.6.jar:/Users/markosovilj/.m2/repository/com/fasterxml/jackson/core/jackson-annotations/2.10.3/jackson-annotations-2.10.3.jar:/Users/markosovilj/.m2/repository/com/fasterxml/jackson/core/jackson-databind/2.10.3/jackson-databind-2.10.3.jar:/Users/markosovilj/.m2/repository/com/fasterxml/jackson/core/jackson-core/2.10.3/jackson-core-2.10.3.jar:/Users/markosovilj/.m2/repository/org/bouncycastle/bcpkix-jdk18on/1.76/bcpkix-jdk18on-1.76.jar:/Users/markosovilj/.m2/repository/org/bouncycastle/bcprov-jdk18on/1.76/bcprov-jdk18on-1.76.jar:/Users/markosovilj/.m2/repository/org/bouncycastle/bcutil-jdk18on/1.76/bcutil-jdk18on-1.76.jar:/Users/markosovilj/.m2/repository/org/slf4j/jcl-over-slf4j/1.7.30/jcl-over-slf4j-1.7.30.jar:/Users/markosovilj/.m2/repository/com/github/docker-java/docker-java-transport-httpclient5/3.3.6/docker-java-transport-httpclient5-3.3.6.jar:/Users/markosovilj/.m2/repository/com/github/docker-java/docker-java-transport/3.3.6/docker-java-transport-3.3.6.jar:/Users/markosovilj/.m2/repository/net/java/dev/jna/jna/5.13.0/jna-5.13.0.jar:/Users/markosovilj/.m2/repository/org/brotli/dec/0.1.2/dec-0.1.2.jar:/Users/markosovilj/.m2/repository/org/apache/commons/commons-lang3/3.14.0/commons-lang3-3.14.0.jar:/Users/markosovilj/.m2/repository/org/apache/commons/commons-compress/1.26.1/commons-compress-1.26.1.jar:/Users/markosovilj/.m2/repository/commons-codec/commons-codec/1.16.1/commons-codec-1.16.1.jar:/Users/markosovilj/.m2/repository/commons-io/commons-io/2.15.1/commons-io-2.15.1.jar:/Users/markosovilj/.m2/repository/org/apache/httpcomponents/client5/httpclient5/5.2.1/httpclient5-5.2.1.jar:/Users/markosovilj/.m2/repository/org/apache/httpcomponents/core5/httpcore5/5.2/httpcore5-5.2.jar:/Users/markosovilj/.m2/repository/org/apache/httpcomponents/core5/httpcore5-h2/5.2/httpcore5-h2-5.2.jar:"/>
    <property name="sun.cpu.endian" value="little"/>
    <property name="user.home" value="/Users/markosovilj"/>
    <property name="user.language" value="en"/>
    <property name="java.specification.vendor" value="Oracle Corporation"/>
    <property name="java.version.date" value="2024-01-16"/>
    <property name="java.home" value="/Library/Java/JavaVirtualMachines/jdk-21.jdk/Contents/Home"/>
    <property name="file.separator" value="/"/>
    <property name="basedir" value="/Users/markosovilj/eclipse-workspaceTwo/SwagLabsProject"/>
    <property name="java.vm.compressedOopsMode" value="Zero based"/>
    <property name="line.separator" value="&#10;"/>
    <property name="java.vm.specification.vendor" value="Oracle Corporation"/>
    <property name="java.specification.name" value="Java Platform API Specification"/>
    <property name="apple.awt.application.name" value="ForkedBooter"/>
    <property name="surefire.real.class.path" value="/Users/markosovilj/eclipse-workspaceTwo/SwagLabsProject/target/surefire/surefirebooter-20240513185742811_3.jar"/>
    <property name="sun.management.compiler" value="HotSpot 64-Bit Tiered Compilers"/>
    <property name="ftp.nonProxyHosts" value="local|*.local|169.254/16|*.169.254/16"/>
    <property name="java.runtime.version" value="21.0.2+13-LTS-58"/>
    <property name="user.name" value="markosovilj"/>
    <property name="stdout.encoding" value="UTF-8"/>
    <property name="path.separator" value=":"/>
    <property name="os.version" value="14.4.1"/>
    <property name="java.runtime.name" value="Java(TM) SE Runtime Environment"/>
    <property name="file.encoding" value="UTF-8"/>
    <property name="java.vm.name" value="Java HotSpot(TM) 64-Bit Server VM"/>
    <property name="localRepository" value="/Users/markosovilj/.m2/repository"/>
    <property name="java.vendor.url.bug" value="https://bugreport.java.com/bugreport/"/>
    <property name="java.io.tmpdir" value="/var/folders/f1/nz1q_2417h3c9v6psycnnqq00000gn/T/"/>
    <property name="java.version" value="21.0.2"/>
    <property name="user.dir" value="/Users/markosovilj/eclipse-workspaceTwo/SwagLabsProject"/>
    <property name="os.arch" value="x86_64"/>
    <property name="java.vm.specification.name" value="Java Virtual Machine Specification"/>
    <property name="native.encoding" value="UTF-8"/>
    <property name="java.library.path" value="/Users/markosovilj/Library/Java/Extensions:/Library/Java/Extensions:/Network/Library/Java/Extensions:/System/Library/Java/Extensions:/usr/lib/java:."/>
    <property name="java.vm.info" value="mixed mode, sharing"/>
    <property name="stderr.encoding" value="UTF-8"/>
    <property name="java.vendor" value="Oracle Corporation"/>
    <property name="java.vm.version" value="21.0.2+13-LTS-58"/>
    <property name="sun.io.unicode.encoding" value="UnicodeBig"/>
    <property name="socksNonProxyHosts" value="local|*.local|169.254/16|*.169.254/16"/>
    <property name="java.class.version" value="65.0"/>
  </properties>
  <testcase name="caseOne" classname="SwagLabsProjectTests.ProdAddAndRemTest" time="2.09">
    <system-err><![CDATA[SLF4J: Failed to load class "org.slf4j.impl.StaticLoggerBinder".
SLF4J: Defaulting to no-operation (NOP) logger implementation
SLF4J: See http://www.slf4j.org/codes.html#StaticLoggerBinder for further details.
May 13, 2024 6:57:44 PM org.openqa.selenium.devtools.CdpVersionFinder findNearestMatch
WARNING: Unable to find an exact match for CDP version 124, returning the closest version; found: 123; Please update to a Selenium version that supports CDP version 124
]]></system-err>
  </testcase>
  <testcase name="caseThree" classname="SwagLabsProjectTests.ProdAddAndRemTest" time="1.609">
    <system-err><![CDATA[May 13, 2024 6:57:49 PM org.openqa.selenium.devtools.CdpVersionFinder findNearestMatch
WARNING: Unable to find an exact match for CDP version 124, returning the closest version; found: 123; Please update to a Selenium version that supports CDP version 124
]]></system-err>
  </testcase>
  <testcase name="caseTwo" classname="SwagLabsProjectTests.ProdAddAndRemTest" time="1.561">
    <system-err><![CDATA[May 13, 2024 6:57:53 PM org.openqa.selenium.devtools.CdpVersionFinder findNearestMatch
WARNING: Unable to find an exact match for CDP version 124, returning the closest version; found: 123; Please update to a Selenium version that supports CDP version 124
]]></system-err>
  </testcase>
</testsuite>