<?xml version="1.0" encoding="UTF-8"?>
<!-- Generated by org.testng.reporters.JUnitReportReporter -->
<testsuite hostname="Markos-MacBook-Pro.local" failures="0" tests="10" name="SwagLabsProjectTests.LoginTest" time="32.071" errors="0" timestamp="2024-05-23T16:34:38 CEST" skipped="0">
  <testcase classname="SwagLabsProjectTests.LoginTest" name="incorrectUsername" time="2.691"/>
  <testcase classname="SwagLabsProjectTests.LoginTest" name="emptyUserField" time="3.151"/>
  <testcase classname="SwagLabsProjectTests.LoginTest" name="lockedUser" time="2.711"/>
  <testcase classname="SwagLabsProjectTests.LoginTest" name="pullingDataForLogin" time="2.619"/>
  <testcase classname="SwagLabsProjectTests.LoginTest" name="pullingDataForLogin" time="2.711"/>
  <testcase classname="SwagLabsProjectTests.LoginTest" name="pullingDataForLogin" time="2.621"/>
  <testcase classname="SwagLabsProjectTests.LoginTest" name="incorrectPassword" time="2.646"/>
  <testcase classname="SwagLabsProjectTests.LoginTest" name="incorrectUserAndPass" time="2.617"/>
  <testcase classname="SwagLabsProjectTests.LoginTest" name="pullingDataForLogin" time="2.620"/>
  <testcase classname="SwagLabsProjectTests.LoginTest" name="pullingDataForLogin" time="7.684"/>
</testsuite> <!-- SwagLabsProjectTests.LoginTest -->
