<?xml version="1.0" encoding="UTF-8"?>
<!-- Generated by org.testng.reporters.JUnitReportReporter -->
<testsuite hostname="Markos-MacBook-Pro.local" failures="0" tests="2" name="SwagLabsProjectTests.StandAloneTest" time="16.110" errors="0" timestamp="2024-05-12T22:01:23 CEST" skipped="0">
  <testcase classname="SwagLabsProjectTests.StandAloneTest" name="firsTest" time="6.799"/>
  <testcase classname="SwagLabsProjectTests.StandAloneTest" name="secondTest" time="9.311"/>
</testsuite> <!-- SwagLabsProjectTests.StandAloneTest -->
