<?xml version="1.0" encoding="UTF-8"?>
<!-- Generated by org.testng.reporters.JUnitReportReporter -->
<testsuite hostname="Markos-MacBook-Pro.local" failures="0" tests="2" name="SwagLabsProjectTests.StandAloneTest" time="14.009" errors="0" timestamp="2024-05-15T17:37:39 CEST" skipped="0">
  <testcase classname="SwagLabsProjectTests.StandAloneTest" name="secondTest" time="6.420"/>
  <testcase classname="SwagLabsProjectTests.StandAloneTest" name="firsTest" time="7.589"/>
</testsuite> <!-- SwagLabsProjectTests.StandAloneTest -->
