<?xml version="1.0" encoding="UTF-8"?>
<!-- Generated by org.testng.reporters.JUnitReportReporter -->
<testsuite hostname="Markos-MacBook-Pro.local" failures="0" tests="6" name="SwagLabsProjectTests.Vezbanka" time="21.212" errors="0" timestamp="2024-05-08T13:20:20 CEST" skipped="0">
  <testcase classname="SwagLabsProjectTests.Vezbanka" name="pullingData" time="7.702"/>
  <testcase classname="SwagLabsProjectTests.Vezbanka" name="pullingData" time="2.616"/>
  <testcase classname="SwagLabsProjectTests.Vezbanka" name="pullingData" time="2.927"/>
  <testcase classname="SwagLabsProjectTests.Vezbanka" name="pullingData" time="2.647"/>
  <testcase classname="SwagLabsProjectTests.Vezbanka" name="pullingData" time="2.671"/>
  <testcase classname="SwagLabsProjectTests.Vezbanka" name="pullingData" time="2.649"/>
</testsuite> <!-- SwagLabsProjectTests.Vezbanka -->
