<?xml version="1.0" encoding="UTF-8"?>
<!-- Generated by org.testng.reporters.JUnitReportReporter -->
<testsuite hostname="Markos-MacBook-Pro.local" failures="0" tests="3" name="SwagLabsProjectTests.ProductPriceConsistencyTest" time="13.289" errors="0" timestamp="2024-05-13T18:46:34 CEST" skipped="0">
  <testcase classname="SwagLabsProjectTests.ProductPriceConsistencyTest" name="secondTest" time="4.515"/>
  <testcase classname="SwagLabsProjectTests.ProductPriceConsistencyTest" name="thirdTest" time="5.347"/>
  <testcase classname="SwagLabsProjectTests.ProductPriceConsistencyTest" name="fitstTest" time="3.427"/>
</testsuite> <!-- SwagLabsProjectTests.ProductPriceConsistencyTest -->
