<?xml version="1.0" encoding="UTF-8"?>
<!-- Generated by org.testng.reporters.JUnitReportReporter -->
<testsuite hostname="Markos-MacBook-Pro.local" failures="0" tests="3" name="SwagLabsProjectTests.ProductPriceConsistencyTest" time="12.862" errors="0" timestamp="2024-05-23T16:05:24 CEST" skipped="0">
  <testcase classname="SwagLabsProjectTests.ProductPriceConsistencyTest" name="thirdTest" time="5.201"/>
  <testcase classname="SwagLabsProjectTests.ProductPriceConsistencyTest" name="secondTest" time="4.187"/>
  <testcase classname="SwagLabsProjectTests.ProductPriceConsistencyTest" name="fitstTest" time="3.474"/>
</testsuite> <!-- SwagLabsProjectTests.ProductPriceConsistencyTest -->
