<?xml version="1.0" encoding="UTF-8"?>
<!-- Generated by org.testng.reporters.JUnitReportReporter -->
<testsuite hostname="Markos-MacBook-Pro.local" failures="0" tests="3" name="SwagLabsProjectTests.ProductPriceConsistencyTest" time="21.019" errors="0" timestamp="2024-05-13T17:18:09 CEST" skipped="0">
  <testcase classname="SwagLabsProjectTests.ProductPriceConsistencyTest" name="thirdTest" time="8.788"/>
  <testcase classname="SwagLabsProjectTests.ProductPriceConsistencyTest" name="fitstTest" time="5.880"/>
  <testcase classname="SwagLabsProjectTests.ProductPriceConsistencyTest" name="secondTest" time="6.351"/>
</testsuite> <!-- SwagLabsProjectTests.ProductPriceConsistencyTest -->
