<?xml version="1.0" encoding="UTF-8"?>
<!-- Generated by org.testng.reporters.JUnitReportReporter -->
<testsuite hostname="Markos-MacBook-Pro.local" failures="0" tests="10" name="SwagLabsProjectTests.LoginTest" time="31.783" errors="0" timestamp="2024-05-23T16:05:24 CEST" skipped="0">
  <testcase classname="SwagLabsProjectTests.LoginTest" name="pullingDataForLogin" time="2.796"/>
  <testcase classname="SwagLabsProjectTests.LoginTest" name="pullingDataForLogin" time="2.627"/>
  <testcase classname="SwagLabsProjectTests.LoginTest" name="pullingDataForLogin" time="2.593"/>
  <testcase classname="SwagLabsProjectTests.LoginTest" name="incorrectUsername" time="2.728"/>
  <testcase classname="SwagLabsProjectTests.LoginTest" name="pullingDataForLogin" time="2.685"/>
  <testcase classname="SwagLabsProjectTests.LoginTest" name="incorrectPassword" time="2.678"/>
  <testcase classname="SwagLabsProjectTests.LoginTest" name="pullingDataForLogin" time="7.571"/>
  <testcase classname="SwagLabsProjectTests.LoginTest" name="incorrectUserAndPass" time="2.650"/>
  <testcase classname="SwagLabsProjectTests.LoginTest" name="emptyUserField" time="2.640"/>
  <testcase classname="SwagLabsProjectTests.LoginTest" name="lockedUser" time="2.815"/>
</testsuite> <!-- SwagLabsProjectTests.LoginTest -->
