<?xml version="1.0" encoding="UTF-8"?>
<!-- Generated by org.testng.reporters.JUnitReportReporter -->
<testsuite hostname="Markos-MacBook-Pro.local" failures="0" tests="3" name="SwagLabsProjectTests.ProductPriceConsistencyTest" time="13.261" errors="0" timestamp="2024-05-13T16:25:06 CEST" skipped="0">
  <testcase classname="SwagLabsProjectTests.ProductPriceConsistencyTest" name="secondTest" time="4.125"/>
  <testcase classname="SwagLabsProjectTests.ProductPriceConsistencyTest" name="thirdTest" time="5.645"/>
  <testcase classname="SwagLabsProjectTests.ProductPriceConsistencyTest" name="fitstTest" time="3.491"/>
</testsuite> <!-- SwagLabsProjectTests.ProductPriceConsistencyTest -->
