<?xml version="1.0" encoding="UTF-8"?>
<!-- Generated by org.testng.reporters.JUnitReportReporter -->
<testsuite hostname="Markos-MacBook-Pro.local" failures="0" tests="10" name="SwagLabsProjectTests.LoginTest" time="43.172" errors="0" timestamp="2024-05-12T21:30:22 CEST" skipped="0">
  <testcase classname="SwagLabsProjectTests.LoginTest" name="incorrectPassword" time="3.788"/>
  <testcase classname="SwagLabsProjectTests.LoginTest" name="pullingDataForLogin" time="3.676"/>
  <testcase classname="SwagLabsProjectTests.LoginTest" name="incorrectUserAndPass" time="4.973"/>
  <testcase classname="SwagLabsProjectTests.LoginTest" name="pullingDataForLogin" time="11.204"/>
  <testcase classname="SwagLabsProjectTests.LoginTest" name="pullingDataForLogin" time="4.195"/>
  <testcase classname="SwagLabsProjectTests.LoginTest" name="lockedUser" time="2.910"/>
  <testcase classname="SwagLabsProjectTests.LoginTest" name="emptyUserField" time="3.634"/>
  <testcase classname="SwagLabsProjectTests.LoginTest" name="pullingDataForLogin" time="3.002"/>
  <testcase classname="SwagLabsProjectTests.LoginTest" name="pullingDataForLogin" time="2.885"/>
  <testcase classname="SwagLabsProjectTests.LoginTest" name="incorrectUsername" time="2.905"/>
</testsuite> <!-- SwagLabsProjectTests.LoginTest -->
