<?xml version="1.0" encoding="UTF-8"?>
<!-- Generated by org.testng.reporters.JUnitReportReporter -->
<testsuite hostname="Markos-MacBook-Pro.local" failures="0" tests="10" name="SwagLabsProjectTests.LoginTest" time="44.239" errors="0" timestamp="2024-05-13T18:37:13 CEST" skipped="0">
  <testcase classname="SwagLabsProjectTests.LoginTest" name="pullingDataForLogin" time="3.363"/>
  <testcase classname="SwagLabsProjectTests.LoginTest" name="incorrectPassword" time="4.071"/>
  <testcase classname="SwagLabsProjectTests.LoginTest" name="emptyUserField" time="4.700"/>
  <testcase classname="SwagLabsProjectTests.LoginTest" name="lockedUser" time="4.800"/>
  <testcase classname="SwagLabsProjectTests.LoginTest" name="incorrectUsername" time="4.372"/>
  <testcase classname="SwagLabsProjectTests.LoginTest" name="pullingDataForLogin" time="4.615"/>
  <testcase classname="SwagLabsProjectTests.LoginTest" name="incorrectUserAndPass" time="3.006"/>
  <testcase classname="SwagLabsProjectTests.LoginTest" name="pullingDataForLogin" time="9.312"/>
  <testcase classname="SwagLabsProjectTests.LoginTest" name="pullingDataForLogin" time="2.908"/>
  <testcase classname="SwagLabsProjectTests.LoginTest" name="pullingDataForLogin" time="3.092"/>
</testsuite> <!-- SwagLabsProjectTests.LoginTest -->
