<?xml version="1.0" encoding="UTF-8"?>
<!-- Generated by org.testng.reporters.JUnitReportReporter -->
<testsuite hostname="Markos-MacBook-Pro.local" failures="0" tests="3" name="SwagLabsProjectTests.ProdAddAndRemTest" time="12.340" errors="0" timestamp="2024-05-23T16:39:10 CEST" skipped="0">
  <testcase classname="SwagLabsProjectTests.ProdAddAndRemTest" name="caseThree" time="3.869"/>
  <testcase classname="SwagLabsProjectTests.ProdAddAndRemTest" name="caseTwo" time="3.901"/>
  <testcase classname="SwagLabsProjectTests.ProdAddAndRemTest" name="caseOne" time="4.570"/>
</testsuite> <!-- SwagLabsProjectTests.ProdAddAndRemTest -->
