<?xml version="1.0" encoding="UTF-8"?>
<!-- Generated by org.testng.reporters.JUnitReportReporter -->
<testsuite hostname="Markos-MacBook-Pro.local" failures="0" tests="1" name="SwagLabsProjectTests.ProductPriceConsistencyTest" time="8.138" errors="0" timestamp="2024-05-12T21:30:22 CEST" skipped="0">
  <testcase classname="SwagLabsProjectTests.ProductPriceConsistencyTest" name="fitstTest" time="8.138"/>
</testsuite> <!-- SwagLabsProjectTests.ProductPriceConsistencyTest -->
