<?xml version="1.0" encoding="UTF-8"?>
<!-- Generated by org.testng.reporters.JUnitReportReporter -->
<testsuite hostname="Markos-MacBook-Pro.local" failures="0" tests="2" name="SwagLabsProjectTests.StandAloneTest" time="7.432" errors="0" timestamp="2024-05-25T18:18:46 CEST" skipped="0">
  <testcase classname="SwagLabsProjectTests.StandAloneTest" name="firsTest" time="3.518"/>
  <testcase classname="SwagLabsProjectTests.StandAloneTest" name="secondTest" time="3.914"/>
</testsuite> <!-- SwagLabsProjectTests.StandAloneTest -->
