<?xml version="1.0" encoding="UTF-8"?>
<!-- Generated by org.testng.reporters.JUnitReportReporter -->
<testsuite hostname="Markos-MacBook-Pro.local" failures="0" tests="10" name="SwagLabsProjectTests.LoginTest" time="44.667" errors="0" timestamp="2024-05-13T17:18:09 CEST" skipped="0">
  <testcase classname="SwagLabsProjectTests.LoginTest" name="pullingDataForLogin" time="9.622"/>
  <testcase classname="SwagLabsProjectTests.LoginTest" name="incorrectPassword" time="4.578"/>
  <testcase classname="SwagLabsProjectTests.LoginTest" name="incorrectUsername" time="5.115"/>
  <testcase classname="SwagLabsProjectTests.LoginTest" name="lockedUser" time="3.096"/>
  <testcase classname="SwagLabsProjectTests.LoginTest" name="pullingDataForLogin" time="3.857"/>
  <testcase classname="SwagLabsProjectTests.LoginTest" name="pullingDataForLogin" time="3.389"/>
  <testcase classname="SwagLabsProjectTests.LoginTest" name="pullingDataForLogin" time="4.284"/>
  <testcase classname="SwagLabsProjectTests.LoginTest" name="incorrectUserAndPass" time="3.568"/>
  <testcase classname="SwagLabsProjectTests.LoginTest" name="emptyUserField" time="4.200"/>
  <testcase classname="SwagLabsProjectTests.LoginTest" name="pullingDataForLogin" time="2.958"/>
</testsuite> <!-- SwagLabsProjectTests.LoginTest -->
