<?xml version="1.0" encoding="UTF-8"?>
<!-- Generated by org.testng.reporters.JUnitReportReporter -->
<testsuite hostname="Markos-MacBook-Pro.local" failures="0" tests="2" name="SwagLabsProjectTests.StandAloneTest" time="14.613" errors="0" timestamp="2024-05-12T21:30:22 CEST" skipped="0">
  <testcase classname="SwagLabsProjectTests.StandAloneTest" name="firsTest" time="6.336"/>
  <testcase classname="SwagLabsProjectTests.StandAloneTest" name="secondTest" time="8.277"/>
</testsuite> <!-- SwagLabsProjectTests.StandAloneTest -->
