<?xml version="1.0" encoding="UTF-8"?>
<!-- Generated by org.testng.reporters.JUnitReportReporter -->
<testsuite hostname="Markos-MacBook-Pro.local" failures="0" tests="3" name="SwagLabsProjectTests.ProdAddAndRemTest" time="23.351" errors="0" timestamp="2024-05-13T17:18:09 CEST" skipped="0">
  <testcase classname="SwagLabsProjectTests.ProdAddAndRemTest" name="caseThree" time="8.098"/>
  <testcase classname="SwagLabsProjectTests.ProdAddAndRemTest" name="caseTwo" time="7.194"/>
  <testcase classname="SwagLabsProjectTests.ProdAddAndRemTest" name="caseOne" time="8.059"/>
</testsuite> <!-- SwagLabsProjectTests.ProdAddAndRemTest -->
