<?xml version="1.0" encoding="UTF-8"?>
<!-- Generated by org.testng.reporters.JUnitReportReporter -->
<testsuite hostname="Markos-MacBook-Pro.local" failures="0" tests="2" name="SwagLabsProjectTests.StandAloneTest" time="12.052" errors="0" timestamp="2024-05-13T17:18:09 CEST" skipped="0">
  <testcase classname="SwagLabsProjectTests.StandAloneTest" name="secondTest" time="6.379"/>
  <testcase classname="SwagLabsProjectTests.StandAloneTest" name="firsTest" time="5.673"/>
</testsuite> <!-- SwagLabsProjectTests.StandAloneTest -->
