<?xml version="1.0" encoding="UTF-8"?>
<!-- Generated by org.testng.reporters.JUnitReportReporter -->
<testsuite hostname="Markos-MacBook-Pro.local" failures="0" tests="3" name="SwagLabsProjectTests.ProdAddAndRemTest" time="22.239" errors="0" timestamp="2024-05-12T21:30:22 CEST" skipped="0">
  <testcase classname="SwagLabsProjectTests.ProdAddAndRemTest" name="caseOne" time="8.441"/>
  <testcase classname="SwagLabsProjectTests.ProdAddAndRemTest" name="caseTwo" time="5.080"/>
  <testcase classname="SwagLabsProjectTests.ProdAddAndRemTest" name="caseThree" time="8.718"/>
</testsuite> <!-- SwagLabsProjectTests.ProdAddAndRemTest -->
