<?xml version="1.0" encoding="UTF-8"?>
<!-- Generated by org.testng.reporters.JUnitReportReporter -->
<testsuite hostname="Markos-MacBook-Pro.local" failures="0" tests="10" name="SwagLabsProjectTests.LoginTest" time="43.801" errors="0" timestamp="2024-05-12T22:01:23 CEST" skipped="0">
  <testcase classname="SwagLabsProjectTests.LoginTest" name="pullingDataForLogin" time="3.437"/>
  <testcase classname="SwagLabsProjectTests.LoginTest" name="incorrectPassword" time="2.821"/>
  <testcase classname="SwagLabsProjectTests.LoginTest" name="emptyUserField" time="3.013"/>
  <testcase classname="SwagLabsProjectTests.LoginTest" name="pullingDataForLogin" time="8.201"/>
  <testcase classname="SwagLabsProjectTests.LoginTest" name="pullingDataForLogin" time="4.861"/>
  <testcase classname="SwagLabsProjectTests.LoginTest" name="lockedUser" time="2.667"/>
  <testcase classname="SwagLabsProjectTests.LoginTest" name="pullingDataForLogin" time="7.644"/>
  <testcase classname="SwagLabsProjectTests.LoginTest" name="incorrectUsername" time="3.295"/>
  <testcase classname="SwagLabsProjectTests.LoginTest" name="pullingDataForLogin" time="4.323"/>
  <testcase classname="SwagLabsProjectTests.LoginTest" name="incorrectUserAndPass" time="3.539"/>
</testsuite> <!-- SwagLabsProjectTests.LoginTest -->
