<?xml version="1.0" encoding="UTF-8"?>
<!-- Generated by org.testng.reporters.JUnitReportReporter -->
<testsuite hostname="Markos-MacBook-Pro.local" failures="0" tests="2" name="SwagLabsProjectTests.StandAloneTest" time="7.139" errors="0" timestamp="2024-05-15T18:02:17 CEST" skipped="0">
  <testcase classname="SwagLabsProjectTests.StandAloneTest" name="secondTest" time="3.624"/>
  <testcase classname="SwagLabsProjectTests.StandAloneTest" name="firsTest" time="3.515"/>
</testsuite> <!-- SwagLabsProjectTests.StandAloneTest -->
