<?xml version="1.0" encoding="UTF-8"?>
<!-- Generated by org.testng.reporters.JUnitReportReporter -->
<testsuite hostname="Markos-MacBook-Pro.local" failures="0" tests="2" name="SwagLabsProjectTests.StandAloneTest" time="12.970" errors="0" timestamp="2024-05-13T18:48:04 CEST" skipped="0">
  <testcase classname="SwagLabsProjectTests.StandAloneTest" name="secondTest" time="6.129"/>
  <testcase classname="SwagLabsProjectTests.StandAloneTest" name="firsTest" time="6.841"/>
</testsuite> <!-- SwagLabsProjectTests.StandAloneTest -->
