<?xml version="1.0" encoding="UTF-8"?>
<!-- Generated by org.testng.reporters.JUnitReportReporter -->
<testsuite hostname="Markos-MacBook-Pro.local" failures="0" tests="10" name="SwagLabsProjectTests.LoginTest" time="32.711" errors="0" timestamp="2024-05-13T18:50:47 CEST" skipped="0">
  <testcase classname="SwagLabsProjectTests.LoginTest" name="incorrectPassword" time="2.719"/>
  <testcase classname="SwagLabsProjectTests.LoginTest" name="lockedUser" time="3.054"/>
  <testcase classname="SwagLabsProjectTests.LoginTest" name="pullingDataForLogin" time="2.829"/>
  <testcase classname="SwagLabsProjectTests.LoginTest" name="pullingDataForLogin" time="2.730"/>
  <testcase classname="SwagLabsProjectTests.LoginTest" name="emptyUserField" time="2.693"/>
  <testcase classname="SwagLabsProjectTests.LoginTest" name="incorrectUserAndPass" time="2.752"/>
  <testcase classname="SwagLabsProjectTests.LoginTest" name="pullingDataForLogin" time="2.668"/>
  <testcase classname="SwagLabsProjectTests.LoginTest" name="pullingDataForLogin" time="7.644"/>
  <testcase classname="SwagLabsProjectTests.LoginTest" name="incorrectUsername" time="2.942"/>
  <testcase classname="SwagLabsProjectTests.LoginTest" name="pullingDataForLogin" time="2.680"/>
</testsuite> <!-- SwagLabsProjectTests.LoginTest -->
