<?xml version="1.0" encoding="UTF-8"?>
<!-- Generated by org.testng.reporters.JUnitReportReporter -->
<testsuite hostname="Markos-MacBook-Pro.local" failures="0" tests="3" name="SwagLabsProjectTests.ProdAddAndRemTest" time="12.175" errors="0" timestamp="2024-05-15T18:02:17 CEST" skipped="0">
  <testcase classname="SwagLabsProjectTests.ProdAddAndRemTest" name="caseThree" time="4.015"/>
  <testcase classname="SwagLabsProjectTests.ProdAddAndRemTest" name="caseTwo" time="3.936"/>
  <testcase classname="SwagLabsProjectTests.ProdAddAndRemTest" name="caseOne" time="4.224"/>
</testsuite> <!-- SwagLabsProjectTests.ProdAddAndRemTest -->
