<?xml version="1.0" encoding="UTF-8"?>
<!-- Generated by org.testng.reporters.JUnitReportReporter -->
<testsuite hostname="Markos-MacBook-Pro.local" failures="0" tests="10" name="SwagLabsProjectTests.LoginTest" time="35.016" errors="0" timestamp="2024-05-15T18:02:17 CEST" skipped="0">
  <testcase classname="SwagLabsProjectTests.LoginTest" name="lockedUser" time="2.887"/>
  <testcase classname="SwagLabsProjectTests.LoginTest" name="pullingDataForLogin" time="2.886"/>
  <testcase classname="SwagLabsProjectTests.LoginTest" name="emptyUserField" time="2.892"/>
  <testcase classname="SwagLabsProjectTests.LoginTest" name="incorrectUsername" time="2.788"/>
  <testcase classname="SwagLabsProjectTests.LoginTest" name="pullingDataForLogin" time="2.910"/>
  <testcase classname="SwagLabsProjectTests.LoginTest" name="pullingDataForLogin" time="8.995"/>
  <testcase classname="SwagLabsProjectTests.LoginTest" name="incorrectPassword" time="2.949"/>
  <testcase classname="SwagLabsProjectTests.LoginTest" name="pullingDataForLogin" time="2.985"/>
  <testcase classname="SwagLabsProjectTests.LoginTest" name="incorrectUserAndPass" time="2.864"/>
  <testcase classname="SwagLabsProjectTests.LoginTest" name="pullingDataForLogin" time="2.860"/>
</testsuite> <!-- SwagLabsProjectTests.LoginTest -->
